<?xml version="1.0" encoding="UTF-8"?>
<!-- Generated by org.testng.reporters.JUnitReportReporter -->
<testsuite hostname="DESKTOP-I2PIN17" failures="0" tests="1" name="testScript.PushNotificationsTest" time="7.632" errors="0" timestamp="2024-01-30T19:30:29 IST" skipped="0">
  <testcase classname="testScript.PushNotificationsTest" name="verifyWhetherTheUserIsAddANewLocation" time="7.632"/>
</testsuite> <!-- testScript.PushNotificationsTest -->
