<?xml version="1.0" encoding="UTF-8"?>
<!-- Generated by org.testng.reporters.JUnitReportReporter -->
<testsuite hostname="DESKTOP-OIP9KBG" failures="0" tests="1" name="grocery_testcase.NewTest" time="0.015" errors="0" timestamp="2024-03-04T13:53:26 IST" skipped="0">
  <testcase classname="grocery_testcase.NewTest" name="f" time="0.015"/>
  <system-out/>
</testsuite> <!-- grocery_testcase.NewTest -->
