<?xml version="1.0" encoding="UTF-8"?>
<!-- Generated by org.testng.reporters.JUnitReportReporter -->
<testsuite hostname="DESKTOP-5TBME2O" failures="0" tests="1" name="grocery_testcase.ManageTestCase" time="52.524" errors="0" timestamp="2024-01-12T18:46:22 IST" skipped="0">
  <testcase classname="grocery_testcase.ManageTestCase" name="verifyLogin" time="52.524"/>
</testsuite> <!-- grocery_testcase.ManageTestCase -->
